{"/home/runner/work/my-study-log-v3/my-study-log-v3/src/App.tsx": {"path":"/home/runner/work/my-study-log-v3/my-study-log-v3/src/App.tsx","statementMap":{"0":{"start":{"line":14,"column":42},"end":{"line":14,"column":null}},"1":{"start":{"line":16,"column":26},"end":{"line":16,"column":null}},"2":{"start":{"line":21,"column":2},"end":{"line":23,"column":null}},"3":{"start":{"line":22,"column":4},"end":{"line":22,"column":null}},"4":{"start":{"line":25,"column":2},"end":{"line":27,"column":null}},"5":{"start":{"line":26,"column":4},"end":{"line":26,"column":null}},"6":{"start":{"line":29,"column":2},"end":{"line":51,"column":null}}},"fnMap":{"0":{"name":"App","decl":{"start":{"line":10,"column":9},"end":{"line":10,"column":15}},"loc":{"start":{"line":10,"column":15},"end":{"line":53,"column":null}},"line":10},"1":{"name":"(anonymous_1)","decl":{"start":{"line":21,"column":2},"end":{"line":21,"column":18}},"loc":{"start":{"line":21,"column":18},"end":{"line":23,"column":3}},"line":21}},"branchMap":{"0":{"loc":{"start":{"line":14,"column":10},"end":{"line":14,"column":24}},"type":"default-arg","locations":[{"start":{"line":14,"column":20},"end":{"line":14,"column":24}}],"line":14},"1":{"loc":{"start":{"line":25,"column":2},"end":{"line":27,"column":null}},"type":"if","locations":[{"start":{"line":25,"column":2},"end":{"line":27,"column":null}},{"start":{},"end":{}}],"line":25},"2":{"loc":{"start":{"line":43,"column":9},"end":{"line":48,"column":null}},"type":"binary-expr","locations":[{"start":{"line":43,"column":9},"end":{"line":43,"column":null}},{"start":{"line":44,"column":10},"end":{"line":48,"column":null}}],"line":43}},"s":{"0":19,"1":19,"2":19,"3":13,"4":19,"5":3,"6":16},"f":{"0":19,"1":13},"b":{"0":[19],"1":[3,16],"2":[16,6]},"meta":{"lastBranch":3,"lastFunction":2,"lastStatement":7,"seen":{"f:10:9:10:15":0,"s:14:42:14:Infinity":0,"b:14:20:14:24":0,"s:16:26:16:Infinity":1,"s:21:2:23:Infinity":2,"f:21:2:21:18":1,"s:22:4:22:Infinity":3,"b:25:2:27:Infinity:undefined:undefined:undefined:undefined":1,"s:25:2:27:Infinity":4,"s:26:4:26:Infinity":5,"s:29:2:51:Infinity":6,"b:43:9:43:Infinity:44:10:48:Infinity":2},"fnNames":{}}}
,"/home/runner/work/my-study-log-v3/my-study-log-v3/src/components/atoms/button/PrimaryButton.tsx": {"path":"/home/runner/work/my-study-log-v3/my-study-log-v3/src/components/atoms/button/PrimaryButton.tsx","statementMap":{"0":{"start":{"line":12,"column":13},"end":{"line":29,"column":null}},"1":{"start":{"line":14,"column":84},"end":{"line":14,"column":null}},"2":{"start":{"line":16,"column":2},"end":{"line":27,"column":null}}},"fnMap":{"0":{"name":"(anonymous_0)","decl":{"start":{"line":13,"column":2},"end":{"line":13,"column":8}},"loc":{"start":{"line":13,"column":18},"end":{"line":29,"column":1}},"line":13}},"branchMap":{"0":{"loc":{"start":{"line":14,"column":20},"end":{"line":14,"column":38}},"type":"default-arg","locations":[{"start":{"line":14,"column":31},"end":{"line":14,"column":38}}],"line":14},"1":{"loc":{"start":{"line":14,"column":38},"end":{"line":14,"column":55}},"type":"default-arg","locations":[{"start":{"line":14,"column":48},"end":{"line":14,"column":55}}],"line":14},"2":{"loc":{"start":{"line":14,"column":64},"end":{"line":14,"column":84}},"type":"default-arg","locations":[{"start":{"line":14,"column":71},"end":{"line":14,"column":84}}],"line":14}},"s":{"0":3,"1":13,"2":13},"f":{"0":13},"b":{"0":[13],"1":[13],"2":[13]},"meta":{"lastBranch":3,"lastFunction":1,"lastStatement":3,"seen":{"s:12:13:29:Infinity":0,"f:13:2:13:8":0,"s:14:84:14:Infinity":1,"b:14:31:14:38":0,"b:14:48:14:55":1,"b:14:71:14:84":2,"s:16:2:27:Infinity":2},"fnNames":{}}}
,"/home/runner/work/my-study-log-v3/my-study-log-v3/src/components/atoms/button/ReactIconButton.tsx": {"path":"/home/runner/work/my-study-log-v3/my-study-log-v3/src/components/atoms/button/ReactIconButton.tsx","statementMap":{"0":{"start":{"line":10,"column":13},"end":{"line":25,"column":null}},"1":{"start":{"line":12,"column":51},"end":{"line":12,"column":null}},"2":{"start":{"line":14,"column":2},"end":{"line":23,"column":null}}},"fnMap":{"0":{"name":"(anonymous_0)","decl":{"start":{"line":11,"column":2},"end":{"line":11,"column":8}},"loc":{"start":{"line":11,"column":18},"end":{"line":25,"column":1}},"line":11}},"branchMap":{"0":{"loc":{"start":{"line":12,"column":29},"end":{"line":12,"column":51}},"type":"default-arg","locations":[{"start":{"line":12,"column":37},"end":{"line":12,"column":51}}],"line":12}},"s":{"0":3,"1":20,"2":20},"f":{"0":20},"b":{"0":[20]},"meta":{"lastBranch":1,"lastFunction":1,"lastStatement":3,"seen":{"s:10:13:25:Infinity":0,"f:11:2:11:8":0,"s:12:51:12:Infinity":1,"b:12:37:12:51":0,"s:14:2:23:Infinity":2},"fnNames":{}}}
,"/home/runner/work/my-study-log-v3/my-study-log-v3/src/components/molecules/FormField.tsx": {"path":"/home/runner/work/my-study-log-v3/my-study-log-v3/src/components/molecules/FormField.tsx","statementMap":{"0":{"start":{"line":14,"column":13},"end":{"line":53,"column":null}},"1":{"start":{"line":23,"column":2},"end":{"line":23,"column":null}},"2":{"start":{"line":25,"column":2},"end":{"line":51,"column":null}}},"fnMap":{"0":{"name":"(anonymous_0)","decl":{"start":{"line":14,"column":13},"end":{"line":14,"column":43}},"loc":{"start":{"line":21,"column":6},"end":{"line":53,"column":null}},"line":21}},"branchMap":{"0":{"loc":{"start":{"line":17,"column":2},"end":{"line":17,"column":null}},"type":"default-arg","locations":[{"start":{"line":17,"column":9},"end":{"line":17,"column":null}}],"line":17},"1":{"loc":{"start":{"line":33,"column":21},"end":{"line":33,"column":null}},"type":"cond-expr","locations":[{"start":{"line":33,"column":41},"end":{"line":33,"column":58}},{"start":{"line":33,"column":58},"end":{"line":33,"column":null}}],"line":33},"2":{"loc":{"start":{"line":40,"column":23},"end":{"line":40,"column":null}},"type":"cond-expr","locations":[{"start":{"line":40,"column":31},"end":{"line":40,"column":43}},{"start":{"line":40,"column":43},"end":{"line":40,"column":null}}],"line":40},"3":{"loc":{"start":{"line":50,"column":7},"end":{"line":50,"column":null}},"type":"binary-expr","locations":[{"start":{"line":50,"column":7},"end":{"line":50,"column":16}},{"start":{"line":50,"column":16},"end":{"line":50,"column":null}}],"line":50}},"s":{"0":3,"1":16,"2":16},"f":{"0":16},"b":{"0":[16],"1":[8,8],"2":[3,13],"3":[16,3]},"meta":{"lastBranch":4,"lastFunction":1,"lastStatement":3,"seen":{"s:14:13:53:Infinity":0,"f:14:13:14:43":0,"b:17:9:17:Infinity":0,"s:23:2:23:Infinity":1,"s:25:2:51:Infinity":2,"b:33:41:33:58:33:58:33:Infinity":1,"b:40:31:40:43:40:43:40:Infinity":2,"b:50:7:50:16:50:16:50:Infinity":3},"fnNames":{}}}
,"/home/runner/work/my-study-log-v3/my-study-log-v3/src/components/organisms/dialog/DialogForm.tsx": {"path":"/home/runner/work/my-study-log-v3/my-study-log-v3/src/components/organisms/dialog/DialogForm.tsx","statementMap":{"0":{"start":{"line":28,"column":13},"end":{"line":150,"column":null}},"1":{"start":{"line":29,"column":43},"end":{"line":29,"column":null}},"2":{"start":{"line":37,"column":4},"end":{"line":38,"column":null}},"3":{"start":{"line":40,"column":17},"end":{"line":40,"column":null}},"4":{"start":{"line":42,"column":2},"end":{"line":42,"column":null}},"5":{"start":{"line":42,"column":15},"end":{"line":42,"column":null}},"6":{"start":{"line":49,"column":17},"end":{"line":52,"column":null}},"7":{"start":{"line":54,"column":2},"end":{"line":54,"column":null}},"8":{"start":{"line":56,"column":2},"end":{"line":56,"column":null}},"9":{"start":{"line":57,"column":2},"end":{"line":57,"column":null}},"10":{"start":{"line":59,"column":2},"end":{"line":59,"column":null}},"11":{"start":{"line":61,"column":2},"end":{"line":73,"column":null}},"12":{"start":{"line":62,"column":4},"end":{"line":62,"column":null}},"13":{"start":{"line":62,"column":17},"end":{"line":62,"column":null}},"14":{"start":{"line":65,"column":4},"end":{"line":65,"column":null}},"15":{"start":{"line":67,"column":4},"end":{"line":71,"column":null}},"16":{"start":{"line":68,"column":6},"end":{"line":68,"column":null}},"17":{"start":{"line":69,"column":11},"end":{"line":71,"column":null}},"18":{"start":{"line":70,"column":6},"end":{"line":70,"column":null}},"19":{"start":{"line":75,"column":8},"end":{"line":84,"column":null}},"20":{"start":{"line":76,"column":4},"end":{"line":76,"column":null}},"21":{"start":{"line":77,"column":4},"end":{"line":82,"column":null}},"22":{"start":{"line":78,"column":6},"end":{"line":78,"column":null}},"23":{"start":{"line":80,"column":6},"end":{"line":80,"column":null}},"24":{"start":{"line":80,"column":27},"end":{"line":80,"column":null}},"25":{"start":{"line":81,"column":6},"end":{"line":81,"column":null}},"26":{"start":{"line":83,"column":4},"end":{"line":83,"column":null}},"27":{"start":{"line":86,"column":8},"end":{"line":88,"column":null}},"28":{"start":{"line":87,"column":4},"end":{"line":87,"column":null}},"29":{"start":{"line":90,"column":2},"end":{"line":148,"column":null}},"30":{"start":{"line":95,"column":8},"end":{"line":95,"column":null}},"31":{"start":{"line":95,"column":21},"end":{"line":95,"column":null}},"32":{"start":{"line":152,"column":0},"end":{"line":152,"column":null}}},"fnMap":{"0":{"name":"(anonymous_0)","decl":{"start":{"line":28,"column":43},"end":{"line":28,"column":49}},"loc":{"start":{"line":28,"column":59},"end":{"line":150,"column":1}},"line":28},"1":{"name":"(anonymous_1)","decl":{"start":{"line":61,"column":2},"end":{"line":61,"column":18}},"loc":{"start":{"line":61,"column":18},"end":{"line":73,"column":5}},"line":61},"2":{"name":"(anonymous_2)","decl":{"start":{"line":75,"column":8},"end":{"line":75,"column":19}},"loc":{"start":{"line":75,"column":42},"end":{"line":84,"column":null}},"line":75},"3":{"name":"(anonymous_3)","decl":{"start":{"line":86,"column":8},"end":{"line":86,"column":21}},"loc":{"start":{"line":86,"column":35},"end":{"line":88,"column":null}},"line":86},"4":{"name":"(anonymous_4)","decl":{"start":{"line":94,"column":6},"end":{"line":94,"column":21}},"loc":{"start":{"line":94,"column":27},"end":{"line":96,"column":null}},"line":94}},"branchMap":{"0":{"loc":{"start":{"line":40,"column":17},"end":{"line":40,"column":null}},"type":"cond-expr","locations":[{"start":{"line":40,"column":37},"end":{"line":40,"column":52}},{"start":{"line":40,"column":52},"end":{"line":40,"column":null}}],"line":40},"1":{"loc":{"start":{"line":42,"column":2},"end":{"line":42,"column":null}},"type":"if","locations":[{"start":{"line":42,"column":2},"end":{"line":42,"column":null}},{"start":{},"end":{}}],"line":42},"2":{"loc":{"start":{"line":56,"column":55},"end":{"line":56,"column":69}},"type":"binary-expr","locations":[{"start":{"line":56,"column":55},"end":{"line":56,"column":67}},{"start":{"line":56,"column":67},"end":{"line":56,"column":69}}],"line":56},"3":{"loc":{"start":{"line":57,"column":55},"end":{"line":57,"column":81}},"type":"binary-expr","locations":[{"start":{"line":57,"column":55},"end":{"line":57,"column":77}},{"start":{"line":57,"column":77},"end":{"line":57,"column":81}}],"line":57},"4":{"loc":{"start":{"line":62,"column":4},"end":{"line":62,"column":null}},"type":"if","locations":[{"start":{"line":62,"column":4},"end":{"line":62,"column":null}},{"start":{},"end":{}}],"line":62},"5":{"loc":{"start":{"line":67,"column":4},"end":{"line":71,"column":null}},"type":"if","locations":[{"start":{"line":67,"column":4},"end":{"line":71,"column":null}},{"start":{"line":69,"column":11},"end":{"line":71,"column":null}}],"line":67},"6":{"loc":{"start":{"line":67,"column":8},"end":{"line":67,"column":43}},"type":"binary-expr","locations":[{"start":{"line":67,"column":8},"end":{"line":67,"column":27}},{"start":{"line":67,"column":27},"end":{"line":67,"column":43}}],"line":67},"7":{"loc":{"start":{"line":69,"column":11},"end":{"line":71,"column":null}},"type":"if","locations":[{"start":{"line":69,"column":11},"end":{"line":71,"column":null}},{"start":{},"end":{}}],"line":69},"8":{"loc":{"start":{"line":77,"column":4},"end":{"line":82,"column":null}},"type":"if","locations":[{"start":{"line":77,"column":4},"end":{"line":82,"column":null}},{"start":{"line":79,"column":11},"end":{"line":82,"column":null}}],"line":77},"9":{"loc":{"start":{"line":80,"column":6},"end":{"line":80,"column":null}},"type":"if","locations":[{"start":{"line":80,"column":6},"end":{"line":80,"column":null}},{"start":{},"end":{}}],"line":80},"10":{"loc":{"start":{"line":95,"column":8},"end":{"line":95,"column":null}},"type":"if","locations":[{"start":{"line":95,"column":8},"end":{"line":95,"column":null}},{"start":{},"end":{}}],"line":95},"11":{"loc":{"start":{"line":100,"column":7},"end":{"line":146,"column":null}},"type":"binary-expr","locations":[{"start":{"line":100,"column":7},"end":{"line":100,"column":null}},{"start":{"line":101,"column":8},"end":{"line":146,"column":null}}],"line":100},"12":{"loc":{"start":{"line":102,"column":26},"end":{"line":102,"column":53}},"type":"cond-expr","locations":[{"start":{"line":102,"column":35},"end":{"line":102,"column":44}},{"start":{"line":102,"column":44},"end":{"line":102,"column":53}}],"line":102},"13":{"loc":{"start":{"line":102,"column":56},"end":{"line":102,"column":null}},"type":"binary-expr","locations":[{"start":{"line":102,"column":56},"end":{"line":102,"column":78}},{"start":{"line":102,"column":78},"end":{"line":102,"column":null}}],"line":102}},"s":{"0":3,"1":8,"2":8,"3":8,"4":8,"5":0,"6":8,"7":8,"8":8,"9":8,"10":8,"11":8,"12":3,"13":0,"14":3,"15":3,"16":0,"17":3,"18":3,"19":8,"20":1,"21":1,"22":1,"23":0,"24":0,"25":0,"26":1,"27":8,"28":2,"29":8,"30":0,"31":0,"32":3},"f":{"0":8,"1":3,"2":1,"3":2,"4":0},"b":{"0":[8,0],"1":[0,8],"2":[8,0],"3":[8,8],"4":[0,3],"5":[0,3],"6":[3,0],"7":[3,0],"8":[1,0],"9":[0,0],"10":[0,0],"11":[8,8],"12":[8,0],"13":[8,8]},"meta":{"lastBranch":14,"lastFunction":5,"lastStatement":33,"seen":{"s:28:13:150:Infinity":0,"f:28:43:28:49":0,"s:29:43:29:Infinity":1,"s:37:4:38:Infinity":2,"s:40:17:40:Infinity":3,"b:40:37:40:52:40:52:40:Infinity":0,"b:42:2:42:Infinity:undefined:undefined:undefined:undefined":1,"s:42:2:42:Infinity":4,"s:42:15:42:Infinity":5,"s:49:17:52:Infinity":6,"s:54:2:54:Infinity":7,"s:56:2:56:Infinity":8,"b:56:55:56:67:56:67:56:69":2,"s:57:2:57:Infinity":9,"b:57:55:57:77:57:77:57:81":3,"s:59:2:59:Infinity":10,"s:61:2:73:Infinity":11,"f:61:2:61:18":1,"b:62:4:62:Infinity:undefined:undefined:undefined:undefined":4,"s:62:4:62:Infinity":12,"s:62:17:62:Infinity":13,"s:65:4:65:Infinity":14,"b:67:4:71:Infinity:69:11:71:Infinity":5,"s:67:4:71:Infinity":15,"b:67:8:67:27:67:27:67:43":6,"s:68:6:68:Infinity":16,"b:69:11:71:Infinity:undefined:undefined:undefined:undefined":7,"s:69:11:71:Infinity":17,"s:70:6:70:Infinity":18,"s:75:8:84:Infinity":19,"f:75:8:75:19":2,"s:76:4:76:Infinity":20,"b:77:4:82:Infinity:79:11:82:Infinity":8,"s:77:4:82:Infinity":21,"s:78:6:78:Infinity":22,"b:80:6:80:Infinity:undefined:undefined:undefined:undefined":9,"s:80:6:80:Infinity":23,"s:80:27:80:Infinity":24,"s:81:6:81:Infinity":25,"s:83:4:83:Infinity":26,"s:86:8:88:Infinity":27,"f:86:8:86:21":3,"s:87:4:87:Infinity":28,"s:90:2:148:Infinity":29,"f:94:6:94:21":4,"b:95:8:95:Infinity:undefined:undefined:undefined:undefined":10,"s:95:8:95:Infinity":30,"s:95:21:95:Infinity":31,"b:100:7:100:Infinity:101:8:146:Infinity":11,"b:102:35:102:44:102:44:102:53":12,"b:102:56:102:78:102:78:102:Infinity":13,"s:152:0:152:Infinity":32},"fnNames":{}}}
,"/home/runner/work/my-study-log-v3/my-study-log-v3/src/components/organisms/table/DataTable.tsx": {"path":"/home/runner/work/my-study-log-v3/my-study-log-v3/src/components/organisms/table/DataTable.tsx","statementMap":{"0":{"start":{"line":17,"column":13},"end":{"line":82,"column":null}},"1":{"start":{"line":18,"column":22},"end":{"line":18,"column":null}},"2":{"start":{"line":20,"column":40},"end":{"line":20,"column":null}},"3":{"start":{"line":22,"column":2},"end":{"line":80,"column":null}},"4":{"start":{"line":35,"column":12},"end":{"line":68,"column":null}},"5":{"start":{"line":44,"column":26},"end":{"line":44,"column":null}},"6":{"start":{"line":56,"column":30},"end":{"line":56,"column":null}},"7":{"start":{"line":57,"column":22},"end":{"line":57,"column":null}},"8":{"start":{"line":58,"column":22},"end":{"line":58,"column":null}},"9":{"start":{"line":59,"column":22},"end":{"line":59,"column":null}},"10":{"start":{"line":60,"column":22},"end":{"line":60,"column":null}},"11":{"start":{"line":60,"column":38},"end":{"line":60,"column":null}}},"fnMap":{"0":{"name":"(anonymous_0)","decl":{"start":{"line":17,"column":42},"end":{"line":17,"column":48}},"loc":{"start":{"line":17,"column":58},"end":{"line":82,"column":1}},"line":17},"1":{"name":"(anonymous_1)","decl":{"start":{"line":34,"column":19},"end":{"line":34,"column":24}},"loc":{"start":{"line":35,"column":12},"end":{"line":68,"column":null}},"line":35},"2":{"name":"(anonymous_2)","decl":{"start":{"line":43,"column":18},"end":{"line":43,"column":null}},"loc":{"start":{"line":44,"column":26},"end":{"line":44,"column":null}},"line":44},"3":{"name":"(anonymous_3)","decl":{"start":{"line":54,"column":18},"end":{"line":54,"column":null}},"loc":{"start":{"line":55,"column":26},"end":{"line":61,"column":null}},"line":55}},"branchMap":{"0":{"loc":{"start":{"line":60,"column":22},"end":{"line":60,"column":null}},"type":"if","locations":[{"start":{"line":60,"column":22},"end":{"line":60,"column":null}},{"start":{},"end":{}}],"line":60},"1":{"loc":{"start":{"line":73,"column":7},"end":{"line":80,"column":null}},"type":"binary-expr","locations":[{"start":{"line":73,"column":7},"end":{"line":73,"column":null}},{"start":{"line":74,"column":8},"end":{"line":80,"column":null}}],"line":73}},"s":{"0":3,"1":10,"2":10,"3":10,"4":10,"5":0,"6":0,"7":0,"8":0,"9":0,"10":0,"11":0},"f":{"0":10,"1":10,"2":0,"3":0},"b":{"0":[0,0],"1":[10,0]},"meta":{"lastBranch":2,"lastFunction":4,"lastStatement":12,"seen":{"s:17:13:82:Infinity":0,"f:17:42:17:48":0,"s:18:22:18:Infinity":1,"s:20:40:20:Infinity":2,"s:22:2:80:Infinity":3,"f:34:19:34:24":1,"s:35:12:68:Infinity":4,"f:43:18:43:Infinity":2,"s:44:26:44:Infinity":5,"f:54:18:54:Infinity":3,"s:56:30:56:Infinity":6,"s:57:22:57:Infinity":7,"s:58:22:58:Infinity":8,"s:59:22:59:Infinity":9,"b:60:22:60:Infinity:undefined:undefined:undefined:undefined":0,"s:60:22:60:Infinity":10,"s:60:38:60:Infinity":11,"b:73:7:73:Infinity:74:8:80:Infinity":1},"fnNames":{}}}
,"/home/runner/work/my-study-log-v3/my-study-log-v3/src/components/ui/button.tsx": {"path":"/home/runner/work/my-study-log-v3/my-study-log-v3/src/components/ui/button.tsx","statementMap":{"0":{"start":{"line":17,"column":22},"end":{"line":40,"column":null}},"1":{"start":{"line":19,"column":66},"end":{"line":19,"column":null}},"2":{"start":{"line":20,"column":4},"end":{"line":37,"column":null}}},"fnMap":{"0":{"name":"Button","decl":{"start":{"line":18,"column":11},"end":{"line":18,"column":18}},"loc":{"start":{"line":18,"column":30},"end":{"line":39,"column":null}},"line":18}},"branchMap":{"0":{"loc":{"start":{"line":21,"column":30},"end":{"line":21,"column":56}},"type":"binary-expr","locations":[{"start":{"line":21,"column":30},"end":{"line":21,"column":41}},{"start":{"line":21,"column":41},"end":{"line":21,"column":56}}],"line":21},"1":{"loc":{"start":{"line":22,"column":9},"end":{"line":35,"column":null}},"type":"cond-expr","locations":[{"start":{"line":23,"column":10},"end":{"line":29,"column":23}},{"start":{"line":29,"column":12},"end":{"line":35,"column":null}}],"line":22},"2":{"loc":{"start":{"line":22,"column":9},"end":{"line":22,"column":null}},"type":"binary-expr","locations":[{"start":{"line":22,"column":9},"end":{"line":22,"column":20}},{"start":{"line":22,"column":20},"end":{"line":22,"column":null}}],"line":22},"3":{"loc":{"start":{"line":29,"column":12},"end":{"line":35,"column":null}},"type":"cond-expr","locations":[{"start":{"line":30,"column":10},"end":{"line":35,"column":null}},{"start":{"line":35,"column":10},"end":{"line":35,"column":null}}],"line":29},"4":{"loc":{"start":{"line":29,"column":12},"end":{"line":29,"column":null}},"type":"binary-expr","locations":[{"start":{"line":29,"column":12},"end":{"line":29,"column":23}},{"start":{"line":29,"column":23},"end":{"line":29,"column":null}}],"line":29}},"s":{"0":3,"1":13,"2":13},"f":{"0":13},"b":{"0":[13,13],"1":[0,13],"2":[13,0],"3":[0,13],"4":[13,0]},"meta":{"lastBranch":5,"lastFunction":1,"lastStatement":3,"seen":{"s:17:22:40:Infinity":0,"f:18:11:18:18":0,"s:19:66:19:Infinity":1,"s:20:4:37:Infinity":2,"b:21:30:21:41:21:41:21:56":0,"b:23:10:29:23:29:12:35:Infinity":1,"b:22:9:22:20:22:20:22:Infinity":2,"b:30:10:35:Infinity:35:10:35:Infinity":3,"b:29:12:29:23:29:23:29:Infinity":4},"fnNames":{}}}
,"/home/runner/work/my-study-log-v3/my-study-log-v3/src/components/ui/color-mode.tsx": {"path":"/home/runner/work/my-study-log-v3/my-study-log-v3/src/components/ui/color-mode.tsx","statementMap":{"0":{"start":{"line":1,"column":0},"end":{"line":1,"column":null}},"1":{"start":{"line":13,"column":2},"end":{"line":14,"column":null}},"2":{"start":{"line":27,"column":35},"end":{"line":27,"column":null}},"3":{"start":{"line":28,"column":20},"end":{"line":28,"column":null}},"4":{"start":{"line":29,"column":8},"end":{"line":31,"column":null}},"5":{"start":{"line":30,"column":4},"end":{"line":30,"column":null}},"6":{"start":{"line":32,"column":2},"end":{"line":36,"column":null}},"7":{"start":{"line":40,"column":24},"end":{"line":40,"column":null}},"8":{"start":{"line":41,"column":2},"end":{"line":41,"column":null}},"9":{"start":{"line":45,"column":24},"end":{"line":45,"column":null}},"10":{"start":{"line":46,"column":2},"end":{"line":46,"column":null}},"11":{"start":{"line":51,"column":31},"end":{"line":76,"column":null}},"12":{"start":{"line":55,"column":30},"end":{"line":55,"column":null}},"13":{"start":{"line":56,"column":2},"end":{"line":74,"column":null}},"14":{"start":{"line":78,"column":25},"end":{"line":92,"column":null}},"15":{"start":{"line":80,"column":4},"end":{"line":89,"column":null}},"16":{"start":{"line":94,"column":24},"end":{"line":108,"column":null}},"17":{"start":{"line":96,"column":4},"end":{"line":105,"column":null}}},"fnMap":{"0":{"name":"ColorModeProvider","decl":{"start":{"line":12,"column":16},"end":{"line":12,"column":34}},"loc":{"start":{"line":12,"column":65},"end":{"line":16,"column":null}},"line":12},"1":{"name":"useColorMode","decl":{"start":{"line":26,"column":16},"end":{"line":26,"column":51}},"loc":{"start":{"line":26,"column":51},"end":{"line":37,"column":null}},"line":26},"2":{"name":"(anonymous_2)","decl":{"start":{"line":29,"column":8},"end":{"line":29,"column":32}},"loc":{"start":{"line":29,"column":32},"end":{"line":31,"column":null}},"line":29},"3":{"name":"useColorModeValue","decl":{"start":{"line":39,"column":16},"end":{"line":39,"column":37}},"loc":{"start":{"line":39,"column":56},"end":{"line":42,"column":null}},"line":39},"4":{"name":"ColorModeIcon","decl":{"start":{"line":44,"column":16},"end":{"line":44,"column":32}},"loc":{"start":{"line":44,"column":32},"end":{"line":47,"column":null}},"line":44},"5":{"name":"ColorModeButton","decl":{"start":{"line":54,"column":11},"end":{"line":54,"column":27}},"loc":{"start":{"line":54,"column":39},"end":{"line":76,"column":1}},"line":54},"6":{"name":"LightMode","decl":{"start":{"line":79,"column":11},"end":{"line":79,"column":21}},"loc":{"start":{"line":79,"column":33},"end":{"line":91,"column":null}},"line":79},"7":{"name":"DarkMode","decl":{"start":{"line":95,"column":11},"end":{"line":95,"column":20}},"loc":{"start":{"line":95,"column":32},"end":{"line":107,"column":null}},"line":95}},"branchMap":{"0":{"loc":{"start":{"line":28,"column":20},"end":{"line":28,"column":null}},"type":"binary-expr","locations":[{"start":{"line":28,"column":20},"end":{"line":28,"column":35}},{"start":{"line":28,"column":35},"end":{"line":28,"column":null}}],"line":28},"1":{"loc":{"start":{"line":30,"column":13},"end":{"line":30,"column":56}},"type":"cond-expr","locations":[{"start":{"line":30,"column":40},"end":{"line":30,"column":50}},{"start":{"line":30,"column":50},"end":{"line":30,"column":56}}],"line":30},"2":{"loc":{"start":{"line":41,"column":9},"end":{"line":41,"column":null}},"type":"cond-expr","locations":[{"start":{"line":41,"column":32},"end":{"line":41,"column":39}},{"start":{"line":41,"column":39},"end":{"line":41,"column":null}}],"line":41},"3":{"loc":{"start":{"line":46,"column":9},"end":{"line":46,"column":null}},"type":"cond-expr","locations":[{"start":{"line":46,"column":32},"end":{"line":46,"column":46}},{"start":{"line":46,"column":45},"end":{"line":46,"column":null}}],"line":46}},"s":{"0":2,"1":3,"2":0,"3":0,"4":0,"5":0,"6":0,"7":0,"8":0,"9":0,"10":0,"11":2,"12":0,"13":0,"14":2,"15":0,"16":2,"17":0},"f":{"0":3,"1":0,"2":0,"3":0,"4":0,"5":0,"6":0,"7":0},"b":{"0":[0,0],"1":[0,0],"2":[0,0],"3":[0,0]},"meta":{"lastBranch":4,"lastFunction":8,"lastStatement":18,"seen":{"s:1:0:1:Infinity":0,"f:12:16:12:34":0,"s:13:2:14:Infinity":1,"f:26:16:26:51":1,"s:27:35:27:Infinity":2,"s:28:20:28:Infinity":3,"b:28:20:28:35:28:35:28:Infinity":0,"s:29:8:31:Infinity":4,"f:29:8:29:32":2,"s:30:4:30:Infinity":5,"b:30:40:30:50:30:50:30:56":1,"s:32:2:36:Infinity":6,"f:39:16:39:37":3,"s:40:24:40:Infinity":7,"s:41:2:41:Infinity":8,"b:41:32:41:39:41:39:41:Infinity":2,"f:44:16:44:32":4,"s:45:24:45:Infinity":9,"s:46:2:46:Infinity":10,"b:46:32:46:46:46:45:46:Infinity":3,"s:51:31:76:Infinity":11,"f:54:11:54:27":5,"s:55:30:55:Infinity":12,"s:56:2:74:Infinity":13,"s:78:25:92:Infinity":14,"f:79:11:79:21":6,"s:80:4:89:Infinity":15,"s:94:24:108:Infinity":16,"f:95:11:95:20":7,"s:96:4:105:Infinity":17},"fnNames":{}}}
,"/home/runner/work/my-study-log-v3/my-study-log-v3/src/components/ui/provider.tsx": {"path":"/home/runner/work/my-study-log-v3/my-study-log-v3/src/components/ui/provider.tsx","statementMap":{"0":{"start":{"line":1,"column":0},"end":{"line":1,"column":null}},"1":{"start":{"line":10,"column":2},"end":{"line":13,"column":null}}},"fnMap":{"0":{"name":"Provider","decl":{"start":{"line":9,"column":16},"end":{"line":9,"column":25}},"loc":{"start":{"line":9,"column":56},"end":{"line":15,"column":null}},"line":9}},"branchMap":{},"s":{"0":2,"1":3},"f":{"0":3},"b":{},"meta":{"lastBranch":0,"lastFunction":1,"lastStatement":2,"seen":{"s:1:0:1:Infinity":0,"f:9:16:9:25":0,"s:10:2:13:Infinity":1},"fnNames":{}}}
,"/home/runner/work/my-study-log-v3/my-study-log-v3/src/domain/record.ts": {"path":"/home/runner/work/my-study-log-v3/my-study-log-v3/src/domain/record.ts","statementMap":{"0":{"start":{"line":10,"column":4},"end":{"line":10,"column":null}},"1":{"start":{"line":11,"column":4},"end":{"line":11,"column":null}},"2":{"start":{"line":12,"column":4},"end":{"line":12,"column":null}},"3":{"start":{"line":13,"column":4},"end":{"line":13,"column":null}},"4":{"start":{"line":22,"column":4},"end":{"line":22,"column":null}},"5":{"start":{"line":26,"column":6},"end":{"line":34,"column":null}},"6":{"start":{"line":27,"column":15},"end":{"line":27,"column":null}},"7":{"start":{"line":29,"column":15},"end":{"line":29,"column":null}},"8":{"start":{"line":30,"column":13},"end":{"line":30,"column":null}},"9":{"start":{"line":31,"column":13},"end":{"line":31,"column":null}},"10":{"start":{"line":33,"column":2},"end":{"line":33,"column":null}}},"fnMap":{"0":{"name":"constructor","decl":{"start":{"line":7,"column":2},"end":{"line":7,"column":null}},"loc":{"start":{"line":9,"column":4},"end":{"line":14,"column":null}},"line":9},"1":{"name":"newRecord","decl":{"start":{"line":16,"column":16},"end":{"line":16,"column":null}},"loc":{"start":{"line":21,"column":12},"end":{"line":23,"column":null}},"line":21},"2":{"name":"(anonymous_2)","decl":{"start":{"line":26,"column":6},"end":{"line":26,"column":20}},"loc":{"start":{"line":26,"column":50},"end":{"line":34,"column":null}},"line":26}},"branchMap":{},"s":{"0":6,"1":6,"2":6,"3":6,"4":2,"5":4,"6":2,"7":2,"8":2,"9":2,"10":2},"f":{"0":6,"1":4,"2":2},"b":{},"meta":{"lastBranch":0,"lastFunction":3,"lastStatement":11,"seen":{"f:7:2:7:Infinity":0,"s:10:4:10:Infinity":0,"s:11:4:11:Infinity":1,"s:12:4:12:Infinity":2,"s:13:4:13:Infinity":3,"f:16:16:16:Infinity":1,"s:22:4:22:Infinity":4,"s:26:6:34:Infinity":5,"f:26:6:26:20":2,"s:27:15:27:Infinity":6,"s:29:15:29:Infinity":7,"s:30:13:30:Infinity":8,"s:31:13:31:Infinity":9,"s:33:2:33:Infinity":10},"fnNames":{}}}
,"/home/runner/work/my-study-log-v3/my-study-log-v3/src/hooks/useRecord.ts": {"path":"/home/runner/work/my-study-log-v3/my-study-log-v3/src/hooks/useRecord.ts","statementMap":{"0":{"start":{"line":8,"column":13},"end":{"line":15,"column":null}},"1":{"start":{"line":9,"column":8},"end":{"line":9,"column":null}},"2":{"start":{"line":10,"column":2},"end":{"line":12,"column":null}},"3":{"start":{"line":11,"column":4},"end":{"line":11,"column":null}},"4":{"start":{"line":14,"column":2},"end":{"line":14,"column":null}}},"fnMap":{"0":{"name":"(anonymous_0)","decl":{"start":{"line":8,"column":13},"end":{"line":8,"column":43}},"loc":{"start":{"line":8,"column":43},"end":{"line":15,"column":null}},"line":8}},"branchMap":{"0":{"loc":{"start":{"line":10,"column":2},"end":{"line":12,"column":null}},"type":"if","locations":[{"start":{"line":10,"column":2},"end":{"line":12,"column":null}},{"start":{},"end":{}}],"line":10}},"s":{"0":3,"1":37,"2":37,"3":0,"4":37},"f":{"0":37},"b":{"0":[0,37]},"meta":{"lastBranch":1,"lastFunction":1,"lastStatement":5,"seen":{"s:8:13:15:Infinity":0,"f:8:13:8:43":0,"s:9:8:9:Infinity":1,"b:10:2:12:Infinity:undefined:undefined:undefined:undefined":0,"s:10:2:12:Infinity":2,"s:11:4:11:Infinity":3,"s:14:2:14:Infinity":4},"fnNames":{}}}
,"/home/runner/work/my-study-log-v3/my-study-log-v3/src/providers/RecordProvider/RecordProvider.tsx": {"path":"/home/runner/work/my-study-log-v3/my-study-log-v3/src/providers/RecordProvider/RecordProvider.tsx","statementMap":{"0":{"start":{"line":17,"column":13},"end":{"line":17,"column":null}},"1":{"start":{"line":19,"column":13},"end":{"line":71,"column":null}},"2":{"start":{"line":20,"column":23},"end":{"line":20,"column":null}},"3":{"start":{"line":22,"column":8},"end":{"line":22,"column":null}},"4":{"start":{"line":23,"column":8},"end":{"line":23,"column":null}},"5":{"start":{"line":25,"column":26},"end":{"line":25,"column":null}},"6":{"start":{"line":26,"column":49},"end":{"line":26,"column":null}},"7":{"start":{"line":28,"column":8},"end":{"line":31,"column":null}},"8":{"start":{"line":29,"column":4},"end":{"line":29,"column":null}},"9":{"start":{"line":30,"column":4},"end":{"line":30,"column":null}},"10":{"start":{"line":33,"column":8},"end":{"line":36,"column":null}},"11":{"start":{"line":34,"column":4},"end":{"line":34,"column":null}},"12":{"start":{"line":35,"column":4},"end":{"line":35,"column":null}},"13":{"start":{"line":38,"column":8},"end":{"line":43,"column":null}},"14":{"start":{"line":39,"column":4},"end":{"line":39,"column":null}},"15":{"start":{"line":40,"column":4},"end":{"line":40,"column":null}},"16":{"start":{"line":41,"column":4},"end":{"line":41,"column":null}},"17":{"start":{"line":42,"column":4},"end":{"line":42,"column":null}},"18":{"start":{"line":45,"column":8},"end":{"line":51,"column":null}},"19":{"start":{"line":53,"column":28},"end":{"line":64,"column":null}},"20":{"start":{"line":66,"column":2},"end":{"line":69,"column":null}}},"fnMap":{"0":{"name":"(anonymous_0)","decl":{"start":{"line":19,"column":13},"end":{"line":19,"column":42}},"loc":{"start":{"line":19,"column":52},"end":{"line":71,"column":null}},"line":19},"1":{"name":"(anonymous_1)","decl":{"start":{"line":28,"column":8},"end":{"line":28,"column":26}},"loc":{"start":{"line":28,"column":45},"end":{"line":31,"column":null}},"line":28},"2":{"name":"(anonymous_2)","decl":{"start":{"line":33,"column":8},"end":{"line":33,"column":33}},"loc":{"start":{"line":33,"column":33},"end":{"line":36,"column":null}},"line":33},"3":{"name":"(anonymous_3)","decl":{"start":{"line":38,"column":8},"end":{"line":38,"column":25}},"loc":{"start":{"line":38,"column":25},"end":{"line":43,"column":null}},"line":38}},"branchMap":{},"s":{"0":3,"1":3,"2":10,"3":10,"4":10,"5":10,"6":10,"7":10,"8":0,"9":0,"10":10,"11":3,"12":3,"13":10,"14":1,"15":1,"16":1,"17":1,"18":10,"19":10,"20":10},"f":{"0":10,"1":0,"2":3,"3":1},"b":{},"meta":{"lastBranch":0,"lastFunction":4,"lastStatement":21,"seen":{"s:17:13:17:Infinity":0,"s:19:13:71:Infinity":1,"f:19:13:19:42":0,"s:20:23:20:Infinity":2,"s:22:8:22:Infinity":3,"s:23:8:23:Infinity":4,"s:25:26:25:Infinity":5,"s:26:49:26:Infinity":6,"s:28:8:31:Infinity":7,"f:28:8:28:26":1,"s:29:4:29:Infinity":8,"s:30:4:30:Infinity":9,"s:33:8:36:Infinity":10,"f:33:8:33:33":2,"s:34:4:34:Infinity":11,"s:35:4:35:Infinity":12,"s:38:8:43:Infinity":13,"f:38:8:38:25":3,"s:39:4:39:Infinity":14,"s:40:4:40:Infinity":15,"s:41:4:41:Infinity":16,"s:42:4:42:Infinity":17,"s:45:8:51:Infinity":18,"s:53:28:64:Infinity":19,"s:66:2:69:Infinity":20},"fnNames":{}}}
,"/home/runner/work/my-study-log-v3/my-study-log-v3/src/providers/RecordProvider/useDialogState.tsx": {"path":"/home/runner/work/my-study-log-v3/my-study-log-v3/src/providers/RecordProvider/useDialogState.tsx","statementMap":{"0":{"start":{"line":4,"column":24},"end":{"line":4,"column":null}},"1":{"start":{"line":5,"column":22},"end":{"line":5,"column":null}},"2":{"start":{"line":7,"column":2},"end":{"line":12,"column":null}}},"fnMap":{"0":{"name":"useDialogState","decl":{"start":{"line":3,"column":16},"end":{"line":3,"column":33}},"loc":{"start":{"line":3,"column":33},"end":{"line":13,"column":null}},"line":3}},"branchMap":{},"s":{"0":10,"1":10,"2":10},"f":{"0":10},"b":{},"meta":{"lastBranch":0,"lastFunction":1,"lastStatement":3,"seen":{"f:3:16:3:33":0,"s:4:24:4:Infinity":0,"s:5:22:5:Infinity":1,"s:7:2:12:Infinity":2},"fnNames":{}}}
,"/home/runner/work/my-study-log-v3/my-study-log-v3/src/providers/RecordProvider/useRecordActions.ts": {"path":"/home/runner/work/my-study-log-v3/my-study-log-v3/src/providers/RecordProvider/useRecordActions.ts","statementMap":{"0":{"start":{"line":12,"column":8},"end":{"line":18,"column":null}},"1":{"start":{"line":13,"column":12},"end":{"line":13,"column":null}},"2":{"start":{"line":14,"column":4},"end":{"line":14,"column":null}},"3":{"start":{"line":15,"column":4},"end":{"line":15,"column":null}},"4":{"start":{"line":16,"column":4},"end":{"line":16,"column":null}},"5":{"start":{"line":17,"column":4},"end":{"line":17,"column":null}},"6":{"start":{"line":20,"column":20},"end":{"line":29,"column":null}},"7":{"start":{"line":21,"column":4},"end":{"line":21,"column":null}},"8":{"start":{"line":21,"column":36},"end":{"line":21,"column":null}},"9":{"start":{"line":22,"column":4},"end":{"line":22,"column":null}},"10":{"start":{"line":22,"column":42},"end":{"line":22,"column":null}},"11":{"start":{"line":24,"column":22},"end":{"line":24,"column":null}},"12":{"start":{"line":25,"column":10},"end":{"line":25,"column":null}},"13":{"start":{"line":26,"column":4},"end":{"line":26,"column":null}},"14":{"start":{"line":27,"column":4},"end":{"line":27,"column":null}},"15":{"start":{"line":28,"column":4},"end":{"line":28,"column":null}},"16":{"start":{"line":31,"column":23},"end":{"line":40,"column":null}},"17":{"start":{"line":32,"column":4},"end":{"line":32,"column":null}},"18":{"start":{"line":32,"column":36},"end":{"line":32,"column":null}},"19":{"start":{"line":33,"column":4},"end":{"line":33,"column":null}},"20":{"start":{"line":33,"column":43},"end":{"line":33,"column":null}},"21":{"start":{"line":35,"column":22},"end":{"line":35,"column":null}},"22":{"start":{"line":36,"column":10},"end":{"line":36,"column":null}},"23":{"start":{"line":37,"column":4},"end":{"line":37,"column":null}},"24":{"start":{"line":38,"column":4},"end":{"line":38,"column":null}},"25":{"start":{"line":39,"column":4},"end":{"line":39,"column":null}},"26":{"start":{"line":42,"column":23},"end":{"line":47,"column":null}},"27":{"start":{"line":43,"column":4},"end":{"line":43,"column":null}},"28":{"start":{"line":44,"column":10},"end":{"line":44,"column":null}},"29":{"start":{"line":45,"column":4},"end":{"line":45,"column":null}},"30":{"start":{"line":46,"column":4},"end":{"line":46,"column":null}},"31":{"start":{"line":49,"column":2},"end":{"line":49,"column":null}}},"fnMap":{"0":{"name":"useRecordActions","decl":{"start":{"line":5,"column":16},"end":{"line":5,"column":null}},"loc":{"start":{"line":11,"column":2},"end":{"line":50,"column":null}},"line":11},"1":{"name":"(anonymous_1)","decl":{"start":{"line":12,"column":8},"end":{"line":12,"column":24}},"loc":{"start":{"line":12,"column":81},"end":{"line":18,"column":null}},"line":12},"2":{"name":"(anonymous_2)","decl":{"start":{"line":20,"column":20},"end":{"line":20,"column":27}},"loc":{"start":{"line":20,"column":59},"end":{"line":29,"column":null}},"line":20},"3":{"name":"(anonymous_3)","decl":{"start":{"line":31,"column":23},"end":{"line":31,"column":30}},"loc":{"start":{"line":31,"column":74},"end":{"line":40,"column":null}},"line":31},"4":{"name":"(anonymous_4)","decl":{"start":{"line":42,"column":23},"end":{"line":42,"column":30}},"loc":{"start":{"line":42,"column":45},"end":{"line":47,"column":null}},"line":42}},"branchMap":{"0":{"loc":{"start":{"line":21,"column":4},"end":{"line":21,"column":null}},"type":"if","locations":[{"start":{"line":21,"column":4},"end":{"line":21,"column":null}},{"start":{},"end":{}}],"line":21},"1":{"loc":{"start":{"line":22,"column":4},"end":{"line":22,"column":null}},"type":"if","locations":[{"start":{"line":22,"column":4},"end":{"line":22,"column":null}},{"start":{},"end":{}}],"line":22},"2":{"loc":{"start":{"line":32,"column":4},"end":{"line":32,"column":null}},"type":"if","locations":[{"start":{"line":32,"column":4},"end":{"line":32,"column":null}},{"start":{},"end":{}}],"line":32},"3":{"loc":{"start":{"line":33,"column":4},"end":{"line":33,"column":null}},"type":"if","locations":[{"start":{"line":33,"column":4},"end":{"line":33,"column":null}},{"start":{},"end":{}}],"line":33}},"s":{"0":10,"1":1,"2":1,"3":1,"4":1,"5":1,"6":10,"7":1,"8":0,"9":1,"10":1,"11":0,"12":0,"13":0,"14":0,"15":0,"16":10,"17":0,"18":0,"19":0,"20":0,"21":0,"22":0,"23":0,"24":0,"25":0,"26":10,"27":0,"28":0,"29":0,"30":0,"31":10},"f":{"0":10,"1":1,"2":1,"3":0,"4":0},"b":{"0":[0,1],"1":[1,0],"2":[0,0],"3":[0,0]},"meta":{"lastBranch":4,"lastFunction":5,"lastStatement":32,"seen":{"f:5:16:5:Infinity":0,"s:12:8:18:Infinity":0,"f:12:8:12:24":1,"s:13:12:13:Infinity":1,"s:14:4:14:Infinity":2,"s:15:4:15:Infinity":3,"s:16:4:16:Infinity":4,"s:17:4:17:Infinity":5,"s:20:20:29:Infinity":6,"f:20:20:20:27":2,"b:21:4:21:Infinity:undefined:undefined:undefined:undefined":0,"s:21:4:21:Infinity":7,"s:21:36:21:Infinity":8,"b:22:4:22:Infinity:undefined:undefined:undefined:undefined":1,"s:22:4:22:Infinity":9,"s:22:42:22:Infinity":10,"s:24:22:24:Infinity":11,"s:25:10:25:Infinity":12,"s:26:4:26:Infinity":13,"s:27:4:27:Infinity":14,"s:28:4:28:Infinity":15,"s:31:23:40:Infinity":16,"f:31:23:31:30":3,"b:32:4:32:Infinity:undefined:undefined:undefined:undefined":2,"s:32:4:32:Infinity":17,"s:32:36:32:Infinity":18,"b:33:4:33:Infinity:undefined:undefined:undefined:undefined":3,"s:33:4:33:Infinity":19,"s:33:43:33:Infinity":20,"s:35:22:35:Infinity":21,"s:36:10:36:Infinity":22,"s:37:4:37:Infinity":23,"s:38:4:38:Infinity":24,"s:39:4:39:Infinity":25,"s:42:23:47:Infinity":26,"f:42:23:42:30":4,"s:43:4:43:Infinity":27,"s:44:10:44:Infinity":28,"s:45:4:45:Infinity":29,"s:46:4:46:Infinity":30,"s:49:2:49:Infinity":31},"fnNames":{}}}
,"/home/runner/work/my-study-log-v3/my-study-log-v3/src/providers/RecordProvider/useRecordForm.ts": {"path":"/home/runner/work/my-study-log-v3/my-study-log-v3/src/providers/RecordProvider/useRecordForm.ts","statementMap":{"0":{"start":{"line":4,"column":16},"end":{"line":4,"column":null}},"1":{"start":{"line":5,"column":15},"end":{"line":5,"column":null}},"2":{"start":{"line":7,"column":24},"end":{"line":7,"column":null}},"3":{"start":{"line":8,"column":23},"end":{"line":8,"column":null}},"4":{"start":{"line":10,"column":8},"end":{"line":31,"column":null}},"5":{"start":{"line":11,"column":4},"end":{"line":30,"column":null}},"6":{"start":{"line":12,"column":6},"end":{"line":12,"column":null}},"7":{"start":{"line":13,"column":6},"end":{"line":13,"column":null}},"8":{"start":{"line":14,"column":6},"end":{"line":14,"column":null}},"9":{"start":{"line":16,"column":11},"end":{"line":30,"column":null}},"10":{"start":{"line":17,"column":6},"end":{"line":17,"column":null}},"11":{"start":{"line":18,"column":6},"end":{"line":18,"column":null}},"12":{"start":{"line":19,"column":6},"end":{"line":19,"column":null}},"13":{"start":{"line":21,"column":11},"end":{"line":30,"column":null}},"14":{"start":{"line":22,"column":6},"end":{"line":22,"column":null}},"15":{"start":{"line":23,"column":6},"end":{"line":23,"column":null}},"16":{"start":{"line":24,"column":6},"end":{"line":24,"column":null}},"17":{"start":{"line":27,"column":6},"end":{"line":27,"column":null}},"18":{"start":{"line":28,"column":6},"end":{"line":28,"column":null}},"19":{"start":{"line":29,"column":6},"end":{"line":29,"column":null}},"20":{"start":{"line":33,"column":8},"end":{"line":36,"column":null}},"21":{"start":{"line":34,"column":4},"end":{"line":34,"column":null}},"22":{"start":{"line":35,"column":4},"end":{"line":35,"column":null}},"23":{"start":{"line":38,"column":2},"end":{"line":47,"column":null}}},"fnMap":{"0":{"name":"useRecordForm","decl":{"start":{"line":3,"column":16},"end":{"line":3,"column":32}},"loc":{"start":{"line":3,"column":32},"end":{"line":48,"column":null}},"line":3},"1":{"name":"(anonymous_1)","decl":{"start":{"line":10,"column":8},"end":{"line":10,"column":25}},"loc":{"start":{"line":10,"column":66},"end":{"line":31,"column":null}},"line":10},"2":{"name":"(anonymous_2)","decl":{"start":{"line":33,"column":8},"end":{"line":33,"column":31}},"loc":{"start":{"line":33,"column":31},"end":{"line":36,"column":null}},"line":33}},"branchMap":{"0":{"loc":{"start":{"line":11,"column":4},"end":{"line":30,"column":null}},"type":"if","locations":[{"start":{"line":11,"column":4},"end":{"line":30,"column":null}},{"start":{"line":16,"column":11},"end":{"line":30,"column":null}}],"line":11},"1":{"loc":{"start":{"line":11,"column":8},"end":{"line":11,"column":35}},"type":"binary-expr","locations":[{"start":{"line":11,"column":8},"end":{"line":11,"column":24}},{"start":{"line":11,"column":24},"end":{"line":11,"column":35}}],"line":11},"2":{"loc":{"start":{"line":16,"column":11},"end":{"line":30,"column":null}},"type":"if","locations":[{"start":{"line":16,"column":11},"end":{"line":30,"column":null}},{"start":{"line":21,"column":11},"end":{"line":30,"column":null}}],"line":16},"3":{"loc":{"start":{"line":21,"column":11},"end":{"line":30,"column":null}},"type":"if","locations":[{"start":{"line":21,"column":11},"end":{"line":30,"column":null}},{"start":{"line":26,"column":11},"end":{"line":30,"column":null}}],"line":21}},"s":{"0":18,"1":18,"2":18,"3":18,"4":18,"5":3,"6":1,"7":1,"8":1,"9":2,"10":0,"11":0,"12":0,"13":2,"14":0,"15":0,"16":0,"17":2,"18":2,"19":2,"20":18,"21":2,"22":2,"23":18},"f":{"0":18,"1":3,"2":2},"b":{"0":[1,2],"1":[3,1],"2":[0,2],"3":[0,2]},"meta":{"lastBranch":4,"lastFunction":3,"lastStatement":24,"seen":{"f:3:16:3:32":0,"s:4:16:4:Infinity":0,"s:5:15:5:Infinity":1,"s:7:24:7:Infinity":2,"s:8:23:8:Infinity":3,"s:10:8:31:Infinity":4,"f:10:8:10:25":1,"b:11:4:30:Infinity:16:11:30:Infinity":0,"s:11:4:30:Infinity":5,"b:11:8:11:24:11:24:11:35":1,"s:12:6:12:Infinity":6,"s:13:6:13:Infinity":7,"s:14:6:14:Infinity":8,"b:16:11:30:Infinity:21:11:30:Infinity":2,"s:16:11:30:Infinity":9,"s:17:6:17:Infinity":10,"s:18:6:18:Infinity":11,"s:19:6:19:Infinity":12,"b:21:11:30:Infinity:26:11:30:Infinity":3,"s:21:11:30:Infinity":13,"s:22:6:22:Infinity":14,"s:23:6:23:Infinity":15,"s:24:6:24:Infinity":16,"s:27:6:27:Infinity":17,"s:28:6:28:Infinity":18,"s:29:6:29:Infinity":19,"s:33:8:36:Infinity":20,"f:33:8:33:31":2,"s:34:4:34:Infinity":21,"s:35:4:35:Infinity":22,"s:38:2:47:Infinity":23},"fnNames":{}}}
,"/home/runner/work/my-study-log-v3/my-study-log-v3/src/providers/RecordProvider/useRecordList.ts": {"path":"/home/runner/work/my-study-log-v3/my-study-log-v3/src/providers/RecordProvider/useRecordList.ts","statementMap":{"0":{"start":{"line":8,"column":18},"end":{"line":8,"column":null}},"1":{"start":{"line":9,"column":14},"end":{"line":9,"column":null}},"2":{"start":{"line":11,"column":20},"end":{"line":15,"column":null}},"3":{"start":{"line":12,"column":17},"end":{"line":12,"column":null}},"4":{"start":{"line":13,"column":4},"end":{"line":13,"column":null}},"5":{"start":{"line":14,"column":4},"end":{"line":14,"column":null}},"6":{"start":{"line":17,"column":2},"end":{"line":19,"column":null}},"7":{"start":{"line":18,"column":4},"end":{"line":18,"column":null}},"8":{"start":{"line":21,"column":2},"end":{"line":21,"column":null}}},"fnMap":{"0":{"name":"useRecordList","decl":{"start":{"line":7,"column":16},"end":{"line":7,"column":32}},"loc":{"start":{"line":7,"column":32},"end":{"line":22,"column":null}},"line":7},"1":{"name":"(anonymous_1)","decl":{"start":{"line":11,"column":20},"end":{"line":11,"column":32}},"loc":{"start":{"line":11,"column":32},"end":{"line":15,"column":null}},"line":11},"2":{"name":"(anonymous_2)","decl":{"start":{"line":17,"column":2},"end":{"line":17,"column":18}},"loc":{"start":{"line":17,"column":18},"end":{"line":19,"column":5}},"line":17}},"branchMap":{},"s":{"0":12,"1":12,"2":12,"3":6,"4":6,"5":6,"6":12,"7":4,"8":12},"f":{"0":12,"1":6,"2":4},"b":{},"meta":{"lastBranch":0,"lastFunction":3,"lastStatement":9,"seen":{"f:7:16:7:32":0,"s:8:18:8:Infinity":0,"s:9:14:9:Infinity":1,"s:11:20:15:Infinity":2,"f:11:20:11:32":1,"s:12:17:12:Infinity":3,"s:13:4:13:Infinity":4,"s:14:4:14:Infinity":5,"s:17:2:19:Infinity":6,"f:17:2:17:18":2,"s:18:4:18:Infinity":7,"s:21:2:21:Infinity":8},"fnNames":{}}}
,"/home/runner/work/my-study-log-v3/my-study-log-v3/src/providers/RecordProvider/useSelectedRecord.ts": {"path":"/home/runner/work/my-study-log-v3/my-study-log-v3/src/providers/RecordProvider/useSelectedRecord.ts","statementMap":{"0":{"start":{"line":5,"column":26},"end":{"line":5,"column":null}},"1":{"start":{"line":7,"column":2},"end":{"line":9,"column":null}}},"fnMap":{"0":{"name":"useSelectedRecord","decl":{"start":{"line":4,"column":16},"end":{"line":4,"column":36}},"loc":{"start":{"line":4,"column":36},"end":{"line":10,"column":null}},"line":4}},"branchMap":{},"s":{"0":10,"1":10},"f":{"0":10},"b":{},"meta":{"lastBranch":0,"lastFunction":1,"lastStatement":2,"seen":{"f:4:16:4:36":0,"s:5:26:5:Infinity":0,"s:7:2:9:Infinity":1},"fnNames":{}}}
,"/home/runner/work/my-study-log-v3/my-study-log-v3/src/utils/functions/recordUtils.ts": {"path":"/home/runner/work/my-study-log-v3/my-study-log-v3/src/utils/functions/recordUtils.ts","statementMap":{"0":{"start":{"line":3,"column":13},"end":{"line":5,"column":null}},"1":{"start":{"line":4,"column":2},"end":{"line":4,"column":null}},"2":{"start":{"line":7,"column":13},"end":{"line":10,"column":null}},"3":{"start":{"line":8,"column":2},"end":{"line":9,"column":null}},"4":{"start":{"line":9,"column":4},"end":{"line":9,"column":59}},"5":{"start":{"line":12,"column":13},"end":{"line":14,"column":null}},"6":{"start":{"line":13,"column":2},"end":{"line":13,"column":null}},"7":{"start":{"line":13,"column":36},"end":{"line":13,"column":52}},"8":{"start":{"line":16,"column":13},"end":{"line":18,"column":null}},"9":{"start":{"line":17,"column":2},"end":{"line":17,"column":null}},"10":{"start":{"line":17,"column":57},"end":{"line":17,"column":76}}},"fnMap":{"0":{"name":"(anonymous_0)","decl":{"start":{"line":3,"column":13},"end":{"line":3,"column":26}},"loc":{"start":{"line":3,"column":77},"end":{"line":5,"column":null}},"line":3},"1":{"name":"(anonymous_1)","decl":{"start":{"line":7,"column":13},"end":{"line":7,"column":29}},"loc":{"start":{"line":7,"column":84},"end":{"line":10,"column":null}},"line":7},"2":{"name":"(anonymous_2)","decl":{"start":{"line":8,"column":17},"end":{"line":8,"column":22}},"loc":{"start":{"line":9,"column":4},"end":{"line":9,"column":59}},"line":9},"3":{"name":"(anonymous_3)","decl":{"start":{"line":12,"column":13},"end":{"line":12,"column":29}},"loc":{"start":{"line":12,"column":73},"end":{"line":14,"column":null}},"line":12},"4":{"name":"(anonymous_4)","decl":{"start":{"line":13,"column":17},"end":{"line":13,"column":25}},"loc":{"start":{"line":13,"column":36},"end":{"line":13,"column":52}},"line":13},"5":{"name":"(anonymous_5)","decl":{"start":{"line":16,"column":13},"end":{"line":16,"column":24}},"loc":{"start":{"line":16,"column":46},"end":{"line":18,"column":null}},"line":16},"6":{"name":"(anonymous_6)","decl":{"start":{"line":17,"column":17},"end":{"line":17,"column":25}},"loc":{"start":{"line":17,"column":57},"end":{"line":17,"column":76}},"line":17}},"branchMap":{"0":{"loc":{"start":{"line":9,"column":4},"end":{"line":9,"column":59}},"type":"cond-expr","locations":[{"start":{"line":9,"column":37},"end":{"line":9,"column":53}},{"start":{"line":9,"column":53},"end":{"line":9,"column":59}}],"line":9}},"s":{"0":4,"1":0,"2":4,"3":0,"4":0,"5":4,"6":0,"7":0,"8":4,"9":6,"10":10},"f":{"0":0,"1":0,"2":0,"3":0,"4":0,"5":6,"6":10},"b":{"0":[0,0]},"meta":{"lastBranch":1,"lastFunction":7,"lastStatement":11,"seen":{"s:3:13:5:Infinity":0,"f:3:13:3:26":0,"s:4:2:4:Infinity":1,"s:7:13:10:Infinity":2,"f:7:13:7:29":1,"s:8:2:9:Infinity":3,"f:8:17:8:22":2,"s:9:4:9:59":4,"b:9:37:9:53:9:53:9:59":0,"s:12:13:14:Infinity":5,"f:12:13:12:29":3,"s:13:2:13:Infinity":6,"f:13:17:13:25":4,"s:13:36:13:52":7,"s:16:13:18:Infinity":8,"f:16:13:16:24":5,"s:17:2:17:Infinity":9,"f:17:17:17:25":6,"s:17:57:17:76":10},"fnNames":{}}}
,"/home/runner/work/my-study-log-v3/my-study-log-v3/src/utils/supabase/dbUsecase.ts": {"path":"/home/runner/work/my-study-log-v3/my-study-log-v3/src/utils/supabase/dbUsecase.ts","statementMap":{"0":{"start":{"line":6,"column":34},"end":{"line":6,"column":null}},"1":{"start":{"line":11,"column":25},"end":{"line":57,"column":null}},"2":{"start":{"line":13,"column":28},"end":{"line":16,"column":null}},"3":{"start":{"line":18,"column":4},"end":{"line":18,"column":null}},"4":{"start":{"line":18,"column":15},"end":{"line":18,"column":null}},"5":{"start":{"line":20,"column":24},"end":{"line":22,"column":null}},"6":{"start":{"line":21,"column":6},"end":{"line":21,"column":null}},"7":{"start":{"line":24,"column":4},"end":{"line":24,"column":null}},"8":{"start":{"line":28,"column":28},"end":{"line":31,"column":null}},"9":{"start":{"line":33,"column":4},"end":{"line":33,"column":null}},"10":{"start":{"line":33,"column":15},"end":{"line":33,"column":null}},"11":{"start":{"line":34,"column":4},"end":{"line":34,"column":null}},"12":{"start":{"line":38,"column":28},"end":{"line":42,"column":null}},"13":{"start":{"line":44,"column":4},"end":{"line":44,"column":null}},"14":{"start":{"line":44,"column":15},"end":{"line":44,"column":null}},"15":{"start":{"line":45,"column":4},"end":{"line":45,"column":null}},"16":{"start":{"line":49,"column":22},"end":{"line":52,"column":null}},"17":{"start":{"line":54,"column":4},"end":{"line":54,"column":null}},"18":{"start":{"line":54,"column":15},"end":{"line":54,"column":null}},"19":{"start":{"line":55,"column":4},"end":{"line":55,"column":null}}},"fnMap":{"0":{"name":"fetchList","decl":{"start":{"line":12,"column":8},"end":{"line":12,"column":39}},"loc":{"start":{"line":12,"column":39},"end":{"line":25,"column":null}},"line":12},"1":{"name":"(anonymous_1)","decl":{"start":{"line":20,"column":29},"end":{"line":20,"column":34}},"loc":{"start":{"line":20,"column":45},"end":{"line":22,"column":5}},"line":20},"2":{"name":"add","decl":{"start":{"line":27,"column":8},"end":{"line":27,"column":12}},"loc":{"start":{"line":27,"column":58},"end":{"line":35,"column":null}},"line":27},"3":{"name":"update","decl":{"start":{"line":37,"column":8},"end":{"line":37,"column":15}},"loc":{"start":{"line":37,"column":73},"end":{"line":46,"column":null}},"line":37},"4":{"name":"remove","decl":{"start":{"line":48,"column":8},"end":{"line":48,"column":15}},"loc":{"start":{"line":48,"column":44},"end":{"line":56,"column":null}},"line":48}},"branchMap":{"0":{"loc":{"start":{"line":18,"column":4},"end":{"line":18,"column":null}},"type":"if","locations":[{"start":{"line":18,"column":4},"end":{"line":18,"column":null}},{"start":{},"end":{}}],"line":18},"1":{"loc":{"start":{"line":33,"column":4},"end":{"line":33,"column":null}},"type":"if","locations":[{"start":{"line":33,"column":4},"end":{"line":33,"column":null}},{"start":{},"end":{}}],"line":33},"2":{"loc":{"start":{"line":44,"column":4},"end":{"line":44,"column":null}},"type":"if","locations":[{"start":{"line":44,"column":4},"end":{"line":44,"column":null}},{"start":{},"end":{}}],"line":44},"3":{"loc":{"start":{"line":54,"column":4},"end":{"line":54,"column":null}},"type":"if","locations":[{"start":{"line":54,"column":4},"end":{"line":54,"column":null}},{"start":{},"end":{}}],"line":54}},"s":{"0":2,"1":2,"2":0,"3":0,"4":0,"5":0,"6":0,"7":0,"8":0,"9":0,"10":0,"11":0,"12":0,"13":0,"14":0,"15":0,"16":0,"17":0,"18":0,"19":0},"f":{"0":0,"1":0,"2":0,"3":0,"4":0},"b":{"0":[0,0],"1":[0,0],"2":[0,0],"3":[0,0]},"meta":{"lastBranch":4,"lastFunction":5,"lastStatement":20,"seen":{"s:6:34:6:Infinity":0,"s:11:25:57:Infinity":1,"f:12:8:12:39":0,"s:13:28:16:Infinity":2,"b:18:4:18:Infinity:undefined:undefined:undefined:undefined":0,"s:18:4:18:Infinity":3,"s:18:15:18:Infinity":4,"s:20:24:22:Infinity":5,"f:20:29:20:34":1,"s:21:6:21:Infinity":6,"s:24:4:24:Infinity":7,"f:27:8:27:12":2,"s:28:28:31:Infinity":8,"b:33:4:33:Infinity:undefined:undefined:undefined:undefined":1,"s:33:4:33:Infinity":9,"s:33:15:33:Infinity":10,"s:34:4:34:Infinity":11,"f:37:8:37:15":3,"s:38:28:42:Infinity":12,"b:44:4:44:Infinity:undefined:undefined:undefined:undefined":2,"s:44:4:44:Infinity":13,"s:44:15:44:Infinity":14,"s:45:4:45:Infinity":15,"f:48:8:48:15":4,"s:49:22:52:Infinity":16,"b:54:4:54:Infinity:undefined:undefined:undefined:undefined":3,"s:54:4:54:Infinity":17,"s:54:15:54:Infinity":18,"s:55:4:55:Infinity":19},"fnNames":{}}}
,"/home/runner/work/my-study-log-v3/my-study-log-v3/src/utils/supabase/supabase.ts": {"path":"/home/runner/work/my-study-log-v3/my-study-log-v3/src/utils/supabase/supabase.ts","statementMap":{"0":{"start":{"line":4,"column":3},"end":{"line":4,"column":null}},"1":{"start":{"line":6,"column":3},"end":{"line":6,"column":null}},"2":{"start":{"line":8,"column":13},"end":{"line":11,"column":null}}},"fnMap":{},"branchMap":{},"s":{"0":2,"1":2,"2":2},"f":{},"b":{},"meta":{"lastBranch":0,"lastFunction":0,"lastStatement":3,"seen":{"s:4:3:4:Infinity":0,"s:6:3:6:Infinity":1,"s:8:13:11:Infinity":2},"fnNames":{}}}
,"/home/runner/work/my-study-log-v3/my-study-log-v3/test-utils/renderApp.tsx": {"path":"/home/runner/work/my-study-log-v3/my-study-log-v3/test-utils/renderApp.tsx","statementMap":{"0":{"start":{"line":5,"column":2},"end":{"line":5,"column":null}}},"fnMap":{"0":{"name":"renderApp","decl":{"start":{"line":4,"column":16},"end":{"line":4,"column":28}},"loc":{"start":{"line":4,"column":28},"end":{"line":6,"column":null}},"line":4}},"branchMap":{},"s":{"0":3},"f":{"0":3},"b":{},"meta":{"lastBranch":0,"lastFunction":1,"lastStatement":1,"seen":{"f:4:16:4:28":0,"s:5:2:5:Infinity":0},"fnNames":{}}}
,"/home/runner/work/my-study-log-v3/my-study-log-v3/test-utils/renderWithProvider.tsx": {"path":"/home/runner/work/my-study-log-v3/my-study-log-v3/test-utils/renderWithProvider.tsx","statementMap":{"0":{"start":{"line":6,"column":2},"end":{"line":12,"column":null}}},"fnMap":{"0":{"name":"renderWithProvider","decl":{"start":{"line":5,"column":16},"end":{"line":5,"column":35}},"loc":{"start":{"line":5,"column":59},"end":{"line":13,"column":null}},"line":5}},"branchMap":{},"s":{"0":3},"f":{"0":3},"b":{},"meta":{"lastBranch":0,"lastFunction":1,"lastStatement":1,"seen":{"f:5:16:5:35":0,"s:6:2:12:Infinity":0},"fnNames":{}}}
,"/home/runner/work/my-study-log-v3/my-study-log-v3/test-utils/waitForTable.ts": {"path":"/home/runner/work/my-study-log-v3/my-study-log-v3/test-utils/waitForTable.ts","statementMap":{"0":{"start":{"line":4,"column":2},"end":{"line":6,"column":null}},"1":{"start":{"line":5,"column":4},"end":{"line":5,"column":null}}},"fnMap":{"0":{"name":"waitForTable","decl":{"start":{"line":3,"column":22},"end":{"line":3,"column":37}},"loc":{"start":{"line":3,"column":37},"end":{"line":7,"column":null}},"line":3},"1":{"name":"(anonymous_1)","decl":{"start":{"line":4,"column":8},"end":{"line":4,"column":22}},"loc":{"start":{"line":4,"column":22},"end":{"line":6,"column":3}},"line":4}},"branchMap":{},"s":{"0":0,"1":0},"f":{"0":0,"1":0},"b":{},"meta":{"lastBranch":0,"lastFunction":2,"lastStatement":2,"seen":{"f:3:22:3:37":0,"s:4:2:6:Infinity":0,"f:4:8:4:22":1,"s:5:4:5:Infinity":1},"fnNames":{}}}
}
